<?xml version="1.0" encoding="UTF-8"?>
<testsuite xmlns:xsi="http://www.w3.org/2001/XMLSchema-instance" xsi:noNamespaceSchemaLocation="https://maven.apache.org/surefire/maven-surefire-plugin/xsd/surefire-test-report-3.0.xsd" version="3.0" name="TestSuite" time="6.879" tests="6" errors="0" skipped="0" failures="0">
  <properties>
    <property name="gopherProxySet" value="false"/>
    <property name="awt.toolkit" value="sun.lwawt.macosx.LWCToolkit"/>
    <property name="file.encoding.pkg" value="sun.io"/>
    <property name="java.specification.version" value="1.8"/>
    <property name="sun.cpu.isalist" value=""/>
    <property name="sun.jnu.encoding" value="UTF-8"/>
    <property name="java.class.path" value="/Users/vladimirshukhov/.m2/repository/org/apache/maven/surefire/surefire-booter/3.0.0-M4/surefire-booter-3.0.0-M4.jar:/Users/vladimirshukhov/.m2/repository/org/apache/maven/surefire/surefire-api/3.0.0-M4/surefire-api-3.0.0-M4.jar:/Users/vladimirshukhov/.m2/repository/org/apache/maven/surefire/surefire-logger-api/3.0.0-M4/surefire-logger-api-3.0.0-M4.jar:/Users/vladimirshukhov/Oxagile projects/Selenoid_workshop/target/test-classes:/Users/vladimirshukhov/Oxagile projects/Selenoid_workshop/target/classes:/Users/vladimirshukhov/.m2/repository/org/codehaus/groovy/groovy/2.5.8/groovy-2.5.8.jar:/Users/vladimirshukhov/.m2/repository/org/codehaus/groovy/groovy-ant/2.5.8/groovy-ant-2.5.8.jar:/Users/vladimirshukhov/.m2/repository/org/apache/ant/ant/1.9.13/ant-1.9.13.jar:/Users/vladimirshukhov/.m2/repository/org/apache/ant/ant-junit/1.9.13/ant-junit-1.9.13.jar:/Users/vladimirshukhov/.m2/repository/org/apache/ant/ant-launcher/1.9.13/ant-launcher-1.9.13.jar:/Users/vladimirshukhov/.m2/repository/org/apache/ant/ant-antlr/1.9.13/ant-antlr-1.9.13.jar:/Users/vladimirshukhov/.m2/repository/org/codehaus/groovy/groovy-cli-commons/2.5.8/groovy-cli-commons-2.5.8.jar:/Users/vladimirshukhov/.m2/repository/commons-cli/commons-cli/1.4/commons-cli-1.4.jar:/Users/vladimirshukhov/.m2/repository/org/codehaus/groovy/groovy-cli-picocli/2.5.8/groovy-cli-picocli-2.5.8.jar:/Users/vladimirshukhov/.m2/repository/info/picocli/picocli/4.0.1/picocli-4.0.1.jar:/Users/vladimirshukhov/.m2/repository/org/codehaus/groovy/groovy-console/2.5.8/groovy-console-2.5.8.jar:/Users/vladimirshukhov/.m2/repository/org/codehaus/groovy/groovy-datetime/2.5.8/groovy-datetime-2.5.8.jar:/Users/vladimirshukhov/.m2/repository/org/codehaus/groovy/groovy-docgenerator/2.5.8/groovy-docgenerator-2.5.8.jar:/Users/vladimirshukhov/.m2/repository/com/thoughtworks/qdox/qdox/1.12.1/qdox-1.12.1.jar:/Users/vladimirshukhov/.m2/repository/org/codehaus/groovy/groovy-groovydoc/2.5.8/groovy-groovydoc-2.5.8.jar:/Users/vladimirshukhov/.m2/repository/org/codehaus/groovy/groovy-groovysh/2.5.8/groovy-groovysh-2.5.8.jar:/Users/vladimirshukhov/.m2/repository/jline/jline/2.14.6/jline-2.14.6.jar:/Users/vladimirshukhov/.m2/repository/org/codehaus/groovy/groovy-jmx/2.5.8/groovy-jmx-2.5.8.jar:/Users/vladimirshukhov/.m2/repository/org/codehaus/groovy/groovy-json/2.5.8/groovy-json-2.5.8.jar:/Users/vladimirshukhov/.m2/repository/org/codehaus/groovy/groovy-jsr223/2.5.8/groovy-jsr223-2.5.8.jar:/Users/vladimirshukhov/.m2/repository/org/codehaus/groovy/groovy-macro/2.5.8/groovy-macro-2.5.8.jar:/Users/vladimirshukhov/.m2/repository/org/codehaus/groovy/groovy-nio/2.5.8/groovy-nio-2.5.8.jar:/Users/vladimirshukhov/.m2/repository/org/codehaus/groovy/groovy-servlet/2.5.8/groovy-servlet-2.5.8.jar:/Users/vladimirshukhov/.m2/repository/org/codehaus/groovy/groovy-sql/2.5.8/groovy-sql-2.5.8.jar:/Users/vladimirshukhov/.m2/repository/org/codehaus/groovy/groovy-swing/2.5.8/groovy-swing-2.5.8.jar:/Users/vladimirshukhov/.m2/repository/org/codehaus/groovy/groovy-templates/2.5.8/groovy-templates-2.5.8.jar:/Users/vladimirshukhov/.m2/repository/org/codehaus/groovy/groovy-test/2.5.8/groovy-test-2.5.8.jar:/Users/vladimirshukhov/.m2/repository/junit/junit/4.12/junit-4.12.jar:/Users/vladimirshukhov/.m2/repository/org/hamcrest/hamcrest-core/1.3/hamcrest-core-1.3.jar:/Users/vladimirshukhov/.m2/repository/org/codehaus/groovy/groovy-test-junit5/2.5.8/groovy-test-junit5-2.5.8.jar:/Users/vladimirshukhov/.m2/repository/org/junit/platform/junit-platform-launcher/1.4.0/junit-platform-launcher-1.4.0.jar:/Users/vladimirshukhov/.m2/repository/org/apiguardian/apiguardian-api/1.0.0/apiguardian-api-1.0.0.jar:/Users/vladimirshukhov/.m2/repository/org/junit/platform/junit-platform-engine/1.4.0/junit-platform-engine-1.4.0.jar:/Users/vladimirshukhov/.m2/repository/org/opentest4j/opentest4j/1.1.1/opentest4j-1.1.1.jar:/Users/vladimirshukhov/.m2/repository/org/junit/platform/junit-platform-commons/1.4.0/junit-platform-commons-1.4.0.jar:/Users/vladimirshukhov/.m2/repository/org/junit/jupiter/junit-jupiter-engine/5.4.0/junit-jupiter-engine-5.4.0.jar:/Users/vladimirshukhov/.m2/repository/org/junit/jupiter/junit-jupiter-api/5.4.0/junit-jupiter-api-5.4.0.jar:/Users/vladimirshukhov/.m2/repository/org/codehaus/groovy/groovy-testng/2.5.8/groovy-testng-2.5.8.jar:/Users/vladimirshukhov/.m2/repository/org/codehaus/groovy/groovy-xml/2.5.8/groovy-xml-2.5.8.jar:/Users/vladimirshukhov/.m2/repository/org/testng/testng/6.14.3/testng-6.14.3.jar:/Users/vladimirshukhov/.m2/repository/com/beust/jcommander/1.72/jcommander-1.72.jar:/Users/vladimirshukhov/.m2/repository/org/apache-extras/beanshell/bsh/2.0b6/bsh-2.0b6.jar:/Users/vladimirshukhov/.m2/repository/org/seleniumhq/selenium/selenium-java/3.141.59/selenium-java-3.141.59.jar:/Users/vladimirshukhov/.m2/repository/org/seleniumhq/selenium/selenium-api/3.141.59/selenium-api-3.141.59.jar:/Users/vladimirshukhov/.m2/repository/org/seleniumhq/selenium/selenium-chrome-driver/3.141.59/selenium-chrome-driver-3.141.59.jar:/Users/vladimirshukhov/.m2/repository/org/seleniumhq/selenium/selenium-edge-driver/3.141.59/selenium-edge-driver-3.141.59.jar:/Users/vladimirshukhov/.m2/repository/org/seleniumhq/selenium/selenium-firefox-driver/3.141.59/selenium-firefox-driver-3.141.59.jar:/Users/vladimirshukhov/.m2/repository/org/seleniumhq/selenium/selenium-ie-driver/3.141.59/selenium-ie-driver-3.141.59.jar:/Users/vladimirshukhov/.m2/repository/org/seleniumhq/selenium/selenium-opera-driver/3.141.59/selenium-opera-driver-3.141.59.jar:/Users/vladimirshukhov/.m2/repository/org/seleniumhq/selenium/selenium-remote-driver/3.141.59/selenium-remote-driver-3.141.59.jar:/Users/vladimirshukhov/.m2/repository/org/seleniumhq/selenium/selenium-safari-driver/3.141.59/selenium-safari-driver-3.141.59.jar:/Users/vladimirshukhov/.m2/repository/org/seleniumhq/selenium/selenium-support/3.141.59/selenium-support-3.141.59.jar:/Users/vladimirshukhov/.m2/repository/net/bytebuddy/byte-buddy/1.8.15/byte-buddy-1.8.15.jar:/Users/vladimirshukhov/.m2/repository/org/apache/commons/commons-exec/1.3/commons-exec-1.3.jar:/Users/vladimirshukhov/.m2/repository/com/google/guava/guava/25.0-jre/guava-25.0-jre.jar:/Users/vladimirshukhov/.m2/repository/com/google/code/findbugs/jsr305/1.3.9/jsr305-1.3.9.jar:/Users/vladimirshukhov/.m2/repository/org/checkerframework/checker-compat-qual/2.0.0/checker-compat-qual-2.0.0.jar:/Users/vladimirshukhov/.m2/repository/com/google/errorprone/error_prone_annotations/2.1.3/error_prone_annotations-2.1.3.jar:/Users/vladimirshukhov/.m2/repository/com/google/j2objc/j2objc-annotations/1.1/j2objc-annotations-1.1.jar:/Users/vladimirshukhov/.m2/repository/org/codehaus/mojo/animal-sniffer-annotations/1.14/animal-sniffer-annotations-1.14.jar:/Users/vladimirshukhov/.m2/repository/com/squareup/okhttp3/okhttp/3.11.0/okhttp-3.11.0.jar:/Users/vladimirshukhov/.m2/repository/com/squareup/okio/okio/1.14.0/okio-1.14.0.jar:/Users/vladimirshukhov/.m2/repository/org/apache/maven/surefire/surefire-testng/3.0.0-M4/surefire-testng-3.0.0-M4.jar:/Users/vladimirshukhov/.m2/repository/org/apache/maven/surefire/common-java5/3.0.0-M4/common-java5-3.0.0-M4.jar:/Users/vladimirshukhov/.m2/repository/org/apache/maven/surefire/surefire-testng-utils/3.0.0-M4/surefire-testng-utils-3.0.0-M4.jar:/Users/vladimirshukhov/.m2/repository/org/apache/maven/surefire/surefire-grouper/3.0.0-M4/surefire-grouper-3.0.0-M4.jar"/>
    <property name="java.vm.vendor" value="Oracle Corporation"/>
    <property name="sun.arch.data.model" value="64"/>
    <property name="java.vendor.url" value="http://java.oracle.com/"/>
    <property name="user.timezone" value="Europe/Minsk"/>
    <property name="user.country.format" value="BY"/>
    <property name="java.vm.specification.version" value="1.8"/>
    <property name="os.name" value="Mac OS X"/>
    <property name="user.country" value="US"/>
    <property name="sun.java.launcher" value="SUN_STANDARD"/>
    <property name="sun.boot.library.path" value="/Library/Java/JavaVirtualMachines/jdk1.8.0_241.jdk/Contents/Home/jre/lib"/>
    <property name="sun.java.command" value="org.apache.maven.surefire.booter.ForkedBooter /Users/vladimirshukhov/Oxagile projects/Selenoid_workshop/target/surefire 2020-02-16T09-53-04_868-jvmRun1 surefire5832969938160674224tmp surefire_07485356068535174912tmp"/>
    <property name="http.nonProxyHosts" value="local|*.local|169.254/16|*.169.254/16"/>
    <property name="surefire.test.class.path" value="/Users/vladimirshukhov/Oxagile projects/Selenoid_workshop/target/test-classes:/Users/vladimirshukhov/Oxagile projects/Selenoid_workshop/target/classes:/Users/vladimirshukhov/.m2/repository/org/codehaus/groovy/groovy/2.5.8/groovy-2.5.8.jar:/Users/vladimirshukhov/.m2/repository/org/codehaus/groovy/groovy-ant/2.5.8/groovy-ant-2.5.8.jar:/Users/vladimirshukhov/.m2/repository/org/apache/ant/ant/1.9.13/ant-1.9.13.jar:/Users/vladimirshukhov/.m2/repository/org/apache/ant/ant-junit/1.9.13/ant-junit-1.9.13.jar:/Users/vladimirshukhov/.m2/repository/org/apache/ant/ant-launcher/1.9.13/ant-launcher-1.9.13.jar:/Users/vladimirshukhov/.m2/repository/org/apache/ant/ant-antlr/1.9.13/ant-antlr-1.9.13.jar:/Users/vladimirshukhov/.m2/repository/org/codehaus/groovy/groovy-cli-commons/2.5.8/groovy-cli-commons-2.5.8.jar:/Users/vladimirshukhov/.m2/repository/commons-cli/commons-cli/1.4/commons-cli-1.4.jar:/Users/vladimirshukhov/.m2/repository/org/codehaus/groovy/groovy-cli-picocli/2.5.8/groovy-cli-picocli-2.5.8.jar:/Users/vladimirshukhov/.m2/repository/info/picocli/picocli/4.0.1/picocli-4.0.1.jar:/Users/vladimirshukhov/.m2/repository/org/codehaus/groovy/groovy-console/2.5.8/groovy-console-2.5.8.jar:/Users/vladimirshukhov/.m2/repository/org/codehaus/groovy/groovy-datetime/2.5.8/groovy-datetime-2.5.8.jar:/Users/vladimirshukhov/.m2/repository/org/codehaus/groovy/groovy-docgenerator/2.5.8/groovy-docgenerator-2.5.8.jar:/Users/vladimirshukhov/.m2/repository/com/thoughtworks/qdox/qdox/1.12.1/qdox-1.12.1.jar:/Users/vladimirshukhov/.m2/repository/org/codehaus/groovy/groovy-groovydoc/2.5.8/groovy-groovydoc-2.5.8.jar:/Users/vladimirshukhov/.m2/repository/org/codehaus/groovy/groovy-groovysh/2.5.8/groovy-groovysh-2.5.8.jar:/Users/vladimirshukhov/.m2/repository/jline/jline/2.14.6/jline-2.14.6.jar:/Users/vladimirshukhov/.m2/repository/org/codehaus/groovy/groovy-jmx/2.5.8/groovy-jmx-2.5.8.jar:/Users/vladimirshukhov/.m2/repository/org/codehaus/groovy/groovy-json/2.5.8/groovy-json-2.5.8.jar:/Users/vladimirshukhov/.m2/repository/org/codehaus/groovy/groovy-jsr223/2.5.8/groovy-jsr223-2.5.8.jar:/Users/vladimirshukhov/.m2/repository/org/codehaus/groovy/groovy-macro/2.5.8/groovy-macro-2.5.8.jar:/Users/vladimirshukhov/.m2/repository/org/codehaus/groovy/groovy-nio/2.5.8/groovy-nio-2.5.8.jar:/Users/vladimirshukhov/.m2/repository/org/codehaus/groovy/groovy-servlet/2.5.8/groovy-servlet-2.5.8.jar:/Users/vladimirshukhov/.m2/repository/org/codehaus/groovy/groovy-sql/2.5.8/groovy-sql-2.5.8.jar:/Users/vladimirshukhov/.m2/repository/org/codehaus/groovy/groovy-swing/2.5.8/groovy-swing-2.5.8.jar:/Users/vladimirshukhov/.m2/repository/org/codehaus/groovy/groovy-templates/2.5.8/groovy-templates-2.5.8.jar:/Users/vladimirshukhov/.m2/repository/org/codehaus/groovy/groovy-test/2.5.8/groovy-test-2.5.8.jar:/Users/vladimirshukhov/.m2/repository/junit/junit/4.12/junit-4.12.jar:/Users/vladimirshukhov/.m2/repository/org/hamcrest/hamcrest-core/1.3/hamcrest-core-1.3.jar:/Users/vladimirshukhov/.m2/repository/org/codehaus/groovy/groovy-test-junit5/2.5.8/groovy-test-junit5-2.5.8.jar:/Users/vladimirshukhov/.m2/repository/org/junit/platform/junit-platform-launcher/1.4.0/junit-platform-launcher-1.4.0.jar:/Users/vladimirshukhov/.m2/repository/org/apiguardian/apiguardian-api/1.0.0/apiguardian-api-1.0.0.jar:/Users/vladimirshukhov/.m2/repository/org/junit/platform/junit-platform-engine/1.4.0/junit-platform-engine-1.4.0.jar:/Users/vladimirshukhov/.m2/repository/org/opentest4j/opentest4j/1.1.1/opentest4j-1.1.1.jar:/Users/vladimirshukhov/.m2/repository/org/junit/platform/junit-platform-commons/1.4.0/junit-platform-commons-1.4.0.jar:/Users/vladimirshukhov/.m2/repository/org/junit/jupiter/junit-jupiter-engine/5.4.0/junit-jupiter-engine-5.4.0.jar:/Users/vladimirshukhov/.m2/repository/org/junit/jupiter/junit-jupiter-api/5.4.0/junit-jupiter-api-5.4.0.jar:/Users/vladimirshukhov/.m2/repository/org/codehaus/groovy/groovy-testng/2.5.8/groovy-testng-2.5.8.jar:/Users/vladimirshukhov/.m2/repository/org/codehaus/groovy/groovy-xml/2.5.8/groovy-xml-2.5.8.jar:/Users/vladimirshukhov/.m2/repository/org/testng/testng/6.14.3/testng-6.14.3.jar:/Users/vladimirshukhov/.m2/repository/com/beust/jcommander/1.72/jcommander-1.72.jar:/Users/vladimirshukhov/.m2/repository/org/apache-extras/beanshell/bsh/2.0b6/bsh-2.0b6.jar:/Users/vladimirshukhov/.m2/repository/org/seleniumhq/selenium/selenium-java/3.141.59/selenium-java-3.141.59.jar:/Users/vladimirshukhov/.m2/repository/org/seleniumhq/selenium/selenium-api/3.141.59/selenium-api-3.141.59.jar:/Users/vladimirshukhov/.m2/repository/org/seleniumhq/selenium/selenium-chrome-driver/3.141.59/selenium-chrome-driver-3.141.59.jar:/Users/vladimirshukhov/.m2/repository/org/seleniumhq/selenium/selenium-edge-driver/3.141.59/selenium-edge-driver-3.141.59.jar:/Users/vladimirshukhov/.m2/repository/org/seleniumhq/selenium/selenium-firefox-driver/3.141.59/selenium-firefox-driver-3.141.59.jar:/Users/vladimirshukhov/.m2/repository/org/seleniumhq/selenium/selenium-ie-driver/3.141.59/selenium-ie-driver-3.141.59.jar:/Users/vladimirshukhov/.m2/repository/org/seleniumhq/selenium/selenium-opera-driver/3.141.59/selenium-opera-driver-3.141.59.jar:/Users/vladimirshukhov/.m2/repository/org/seleniumhq/selenium/selenium-remote-driver/3.141.59/selenium-remote-driver-3.141.59.jar:/Users/vladimirshukhov/.m2/repository/org/seleniumhq/selenium/selenium-safari-driver/3.141.59/selenium-safari-driver-3.141.59.jar:/Users/vladimirshukhov/.m2/repository/org/seleniumhq/selenium/selenium-support/3.141.59/selenium-support-3.141.59.jar:/Users/vladimirshukhov/.m2/repository/net/bytebuddy/byte-buddy/1.8.15/byte-buddy-1.8.15.jar:/Users/vladimirshukhov/.m2/repository/org/apache/commons/commons-exec/1.3/commons-exec-1.3.jar:/Users/vladimirshukhov/.m2/repository/com/google/guava/guava/25.0-jre/guava-25.0-jre.jar:/Users/vladimirshukhov/.m2/repository/com/google/code/findbugs/jsr305/1.3.9/jsr305-1.3.9.jar:/Users/vladimirshukhov/.m2/repository/org/checkerframework/checker-compat-qual/2.0.0/checker-compat-qual-2.0.0.jar:/Users/vladimirshukhov/.m2/repository/com/google/errorprone/error_prone_annotations/2.1.3/error_prone_annotations-2.1.3.jar:/Users/vladimirshukhov/.m2/repository/com/google/j2objc/j2objc-annotations/1.1/j2objc-annotations-1.1.jar:/Users/vladimirshukhov/.m2/repository/org/codehaus/mojo/animal-sniffer-annotations/1.14/animal-sniffer-annotations-1.14.jar:/Users/vladimirshukhov/.m2/repository/com/squareup/okhttp3/okhttp/3.11.0/okhttp-3.11.0.jar:/Users/vladimirshukhov/.m2/repository/com/squareup/okio/okio/1.14.0/okio-1.14.0.jar:"/>
    <property name="sun.cpu.endian" value="little"/>
    <property name="user.home" value="/Users/vladimirshukhov"/>
    <property name="user.language" value="en"/>
    <property name="java.specification.vendor" value="Oracle Corporation"/>
    <property name="java.home" value="/Library/Java/JavaVirtualMachines/jdk1.8.0_241.jdk/Contents/Home/jre"/>
    <property name="basedir" value="/Users/vladimirshukhov/Oxagile projects/Selenoid_workshop"/>
    <property name="file.separator" value="/"/>
    <property name="line.separator" value="&#10;"/>
    <property name="java.vm.specification.vendor" value="Oracle Corporation"/>
    <property name="java.specification.name" value="Java Platform API Specification"/>
    <property name="java.awt.graphicsenv" value="sun.awt.CGraphicsEnvironment"/>
    <property name="sun.boot.class.path" value="/Library/Java/JavaVirtualMachines/jdk1.8.0_241.jdk/Contents/Home/jre/lib/resources.jar:/Library/Java/JavaVirtualMachines/jdk1.8.0_241.jdk/Contents/Home/jre/lib/rt.jar:/Library/Java/JavaVirtualMachines/jdk1.8.0_241.jdk/Contents/Home/jre/lib/sunrsasign.jar:/Library/Java/JavaVirtualMachines/jdk1.8.0_241.jdk/Contents/Home/jre/lib/jsse.jar:/Library/Java/JavaVirtualMachines/jdk1.8.0_241.jdk/Contents/Home/jre/lib/jce.jar:/Library/Java/JavaVirtualMachines/jdk1.8.0_241.jdk/Contents/Home/jre/lib/charsets.jar:/Library/Java/JavaVirtualMachines/jdk1.8.0_241.jdk/Contents/Home/jre/lib/jfr.jar:/Library/Java/JavaVirtualMachines/jdk1.8.0_241.jdk/Contents/Home/jre/classes"/>
    <property name="sun.management.compiler" value="HotSpot 64-Bit Tiered Compilers"/>
    <property name="ftp.nonProxyHosts" value="local|*.local|169.254/16|*.169.254/16"/>
    <property name="java.runtime.version" value="1.8.0_241-b07"/>
    <property name="user.name" value="vladimirshukhov"/>
    <property name="path.separator" value=":"/>
    <property name="os.version" value="10.15.3"/>
    <property name="java.endorsed.dirs" value="/Library/Java/JavaVirtualMachines/jdk1.8.0_241.jdk/Contents/Home/jre/lib/endorsed"/>
    <property name="java.runtime.name" value="Java(TM) SE Runtime Environment"/>
    <property name="browser.version" value="default"/>
    <property name="file.encoding" value="UTF-8"/>
    <property name="browser" value="chrome"/>
    <property name="java.vm.name" value="Java HotSpot(TM) 64-Bit Server VM"/>
    <property name="localRepository" value="/Users/vladimirshukhov/.m2/repository"/>
    <property name="java.vendor.url.bug" value="http://bugreport.sun.com/bugreport/"/>
    <property name="java.io.tmpdir" value="/var/folders/m0/8k7ldt1n00v7hmwlj2c1w4gc0000gp/T/"/>
    <property name="java.version" value="1.8.0_241"/>
    <property name="user.dir" value="/Users/vladimirshukhov/Oxagile projects/Selenoid_workshop"/>
    <property name="isRemote" value="false"/>
    <property name="os.arch" value="x86_64"/>
    <property name="java.vm.specification.name" value="Java Virtual Machine Specification"/>
    <property name="java.awt.printerjob" value="sun.lwawt.macosx.CPrinterJob"/>
    <property name="sun.os.patch.level" value="unknown"/>
    <property name="java.library.path" value="/Users/vladimirshukhov/Library/Java/Extensions:/Library/Java/Extensions:/Network/Library/Java/Extensions:/System/Library/Java/Extensions:/usr/lib/java:."/>
    <property name="hub" value="http://"/>
    <property name="java.vm.info" value="mixed mode"/>
    <property name="java.vendor" value="Oracle Corporation"/>
    <property name="java.vm.version" value="25.241-b07"/>
    <property name="java.ext.dirs" value="/Users/vladimirshukhov/Library/Java/Extensions:/Library/Java/JavaVirtualMachines/jdk1.8.0_241.jdk/Contents/Home/jre/lib/ext:/Library/Java/Extensions:/Network/Library/Java/Extensions:/System/Library/Java/Extensions:/usr/lib/java"/>
    <property name="sun.io.unicode.encoding" value="UnicodeBig"/>
    <property name="java.class.version" value="52.0"/>
    <property name="socksNonProxyHosts" value="local|*.local|169.254/16|*.169.254/16"/>
  </properties>
  <testcase name="parametrizedUrlTest" classname="web.SimpleTest" time="0.963"/>
  <testcase name="parametrizedUrlTest" classname="web.SimpleTest" time="0.067"/>
  <testcase name="parametrizedUrlTest" classname="web.SimpleTest" time="1.386"/>
  <testcase name="parametrizedUrlTest" classname="web.SimpleTest" time="0.208"/>
  <testcase name="simpleTest" classname="web.SimpleTest" time="0.295"/>
  <testcase name="simpleTest" classname="web.SimpleTest" time="0.453"/>
</testsuite>