<?xml version="1.0" encoding="UTF-8"?>
<!-- Generated by org.testng.reporters.JUnitReportReporter -->
<testsuite skipped="0" hostname="tnis-MacBook-Pro.local" name="web.SimpleTest" tests="6" failures="0" timestamp="16 Feb 2020 06:53:12 GMT" time="6.004" errors="0">
  <testcase name="parametrizedUrlTest" time="1.032" classname="web.SimpleTest"/>
  <testcase name="parametrizedUrlTest" time="1.456" classname="web.SimpleTest"/>
  <testcase name="parametrizedUrlTest" time="1.596" classname="web.SimpleTest"/>
  <testcase name="parametrizedUrlTest" time="0.963" classname="web.SimpleTest"/>
  <testcase name="simpleTest" time="0.454" classname="web.SimpleTest"/>
  <testcase name="simpleTest" time="0.503" classname="web.SimpleTest"/>
</testsuite> <!-- web.SimpleTest -->
